📍 Connecting to local Qdrant: vector_store
☁️  Connecting to Qdrant Cloud...

📊 Checking local collection: 'ancient_history'
   ✅ Local points: 3902

☁️  Checking cloud collection: 'ancient_history'
   ✅ Existing cloud points: 23998
   ➕ APPEND MODE: Will add 3902 new points
   📈 Expected total after upload: 27900

📤 Starting upload (APPEND MODE - no existing vectors will be replaced)...
======================================================================
   Batch   1: ✅ Uploaded  1000 points | Total:   1000/3902
   Batch   2: ✅ Uploaded  1000 points | Total:   2000/3902
   Batch   3: ✅ Uploaded  1000 points | Total:   3000/3902
   Batch   4: ✅ Uploaded   902 points | Total:   3902/3902
======================================================================

✅ Upload complete!
   Points uploaded: 3902/3902

🔍 Verifying cloud collection...
   Cloud points now: 27900
   Previous: 23998
   Added: 3902

   ✅ SUCCESS! Rigveda Sanskrit vectors uploaded to cloud.
   No existing vectors were replaced. Append operation complete.
